<?xml version="1.0" encoding="UTF-8"?>
<testng-results skipped="0" failed="0" ignored="0" total="10" passed="10">
  <reporter-output>
  </reporter-output>
  <suite name="Default suite" duration-ms="44616" started-at="2022-05-17T20:51:34 IST" finished-at="2022-05-17T20:52:19 IST">
    <groups>
    </groups>
    <test name="Default test" duration-ms="44616" started-at="2022-05-17T20:51:34 IST" finished-at="2022-05-17T20:52:19 IST">
      <class name="Hybrid.logincrm">
        <test-method status="PASS" signature="setupsuite()[pri:0, instance:Hybrid.logincrm@757942a1]" name="setupsuite" is-config="true" duration-ms="18" started-at="2022-05-17T20:51:34 IST" finished-at="2022-05-17T20:51:34 IST">
          <reporter-output>
          </reporter-output>
        </test-method> <!-- setupsuite -->
        <test-method status="PASS" signature="voidsetup()[pri:0, instance:Hybrid.logincrm@757942a1]" name="voidsetup" is-config="true" duration-ms="6962" started-at="2022-05-17T20:51:34 IST" finished-at="2022-05-17T20:51:41 IST">
          <reporter-output>
          </reporter-output>
        </test-method> <!-- voidsetup -->
        <test-method status="PASS" signature="loginApp()[pri:1, instance:Hybrid.logincrm@757942a1]" name="loginApp" duration-ms="5922" started-at="2022-05-17T20:51:41 IST" finished-at="2022-05-17T20:51:47 IST">
          <reporter-output>
          </reporter-output>
        </test-method> <!-- loginApp -->
        <test-method status="PASS" signature="signupapp()[pri:2, instance:Hybrid.logincrm@757942a1]" name="signupapp" duration-ms="7692" started-at="2022-05-17T20:51:47 IST" finished-at="2022-05-17T20:51:55 IST">
          <reporter-output>
          </reporter-output>
        </test-method> <!-- signupapp -->
        <test-method status="PASS" signature="searchupapp()[pri:3, instance:Hybrid.logincrm@757942a1]" name="searchupapp" duration-ms="3089" started-at="2022-05-17T20:51:55 IST" finished-at="2022-05-17T20:51:58 IST">
          <reporter-output>
          </reporter-output>
        </test-method> <!-- searchupapp -->
        <test-method status="PASS" signature="Bedapp()[pri:4, instance:Hybrid.logincrm@757942a1]" name="Bedapp" duration-ms="7355" started-at="2022-05-17T20:51:58 IST" finished-at="2022-05-17T20:52:05 IST">
          <reporter-output>
          </reporter-output>
        </test-method> <!-- Bedapp -->
        <test-method status="PASS" signature="Bedappcart()[pri:5, instance:Hybrid.logincrm@757942a1]" name="Bedappcart" duration-ms="4356" started-at="2022-05-17T20:52:05 IST" finished-at="2022-05-17T20:52:10 IST">
          <reporter-output>
          </reporter-output>
        </test-method> <!-- Bedappcart -->
        <test-method status="PASS" signature="assertionaa()[pri:6, instance:Hybrid.logincrm@757942a1]" name="assertionaa" duration-ms="2544" started-at="2022-05-17T20:52:10 IST" finished-at="2022-05-17T20:52:12 IST">
          <reporter-output>
          </reporter-output>
        </test-method> <!-- assertionaa -->
        <test-method status="PASS" signature="tvappcart()[pri:7, instance:Hybrid.logincrm@757942a1]" name="tvappcart" duration-ms="1513" started-at="2022-05-17T20:52:12 IST" finished-at="2022-05-17T20:52:14 IST">
          <reporter-output>
          </reporter-output>
        </test-method> <!-- tvappcart -->
        <test-method status="PASS" signature="studyapp()[pri:8, instance:Hybrid.logincrm@757942a1]" name="studyapp" duration-ms="2928" started-at="2022-05-17T20:52:14 IST" finished-at="2022-05-17T20:52:17 IST">
          <reporter-output>
          </reporter-output>
        </test-method> <!-- studyapp -->
        <test-method status="PASS" signature="aboutapp()[pri:9, instance:Hybrid.logincrm@757942a1]" name="aboutapp" duration-ms="846" started-at="2022-05-17T20:52:17 IST" finished-at="2022-05-17T20:52:18 IST">
          <reporter-output>
          </reporter-output>
        </test-method> <!-- aboutapp -->
        <test-method status="PASS" signature="infoapp()[pri:10, instance:Hybrid.logincrm@757942a1]" name="infoapp" duration-ms="470" started-at="2022-05-17T20:52:18 IST" finished-at="2022-05-17T20:52:18 IST">
          <reporter-output>
          </reporter-output>
        </test-method> <!-- infoapp -->
        <test-method status="PASS" signature="teardown()[pri:0, instance:Hybrid.logincrm@757942a1]" name="teardown" is-config="true" duration-ms="851" started-at="2022-05-17T20:52:18 IST" finished-at="2022-05-17T20:52:19 IST">
          <reporter-output>
          </reporter-output>
        </test-method> <!-- teardown -->
      </class> <!-- Hybrid.logincrm -->
    </test> <!-- Default test -->
  </suite> <!-- Default suite -->
</testng-results>
